  compilation object save succeeded; see C:\Users\사토밀피유\Desktop\새 폴더\Debug\PixelShader.cso
  compilation object save succeeded; see C:\Users\사토밀피유\Desktop\새 폴더\Debug\VertexShader.cso
  framework.cpp
C:\Users\사토밀피유\Desktop\새 폴더\DX_HOME_EX\Framework\Math\Vector2.h(40,14): warning C4244: 'return': 'double'에서 'float'(으)로 변환하면서 데이터가 손실될 수 있습니다.
  DX_Framework.cpp
  ConstBuffer.cpp
  VertexBuffer.cpp
  Vector2.cpp
C:\Users\사토밀피유\Desktop\새 폴더\DX_HOME_EX\Framework\Math\Vector2.cpp(116,14): warning C4244: 'return': 'double'에서 'float'(으)로 변환하면서 데이터가 손실될 수 있습니다.
  PixelShader.cpp
  VertexShader.cpp
  Device.cpp
C:\Users\사토밀피유\Desktop\새 폴더\DX_HOME_EX\Framework\System\Device.cpp(3,26): warning C4356: 'Singleton<Device>::instance': 정적 데이터 멤버는 파생 클래스를 통해 초기화할 수 없습니다.
C:\Users\사토밀피유\Desktop\새 폴더\DX_HOME_EX\Framework\System\Device.cpp(89,22): warning C4244: '=': 'UINT'에서 'FLOAT'(으)로 변환하면서 데이터가 손실될 수 있습니다.
C:\Users\사토밀피유\Desktop\새 폴더\DX_HOME_EX\Framework\System\Device.cpp(90,23): warning C4244: '=': 'UINT'에서 'FLOAT'(으)로 변환하면서 데이터가 손실될 수 있습니다.
  Control.cpp
  Shape.cpp
  SRTCircle.cpp
C:\Users\사토밀피유\Desktop\새 폴더\DX_HOME_EX\Object\Shape\SRTCircle.cpp(6,24): warning C4305: '초기화 중': 'double'에서 'float'(으)로 잘립니다.
C:\Users\사토밀피유\Desktop\새 폴더\DX_HOME_EX\Object\Shape\SRTCircle.cpp(35,43): warning C4244: '-=': 'double'에서 'float'(으)로 변환하면서 데이터가 손실될 수 있습니다.
C:\Users\사토밀피유\Desktop\새 폴더\DX_HOME_EX\Object\Shape\SRTCircle.cpp(56,43): warning C4244: '-=': 'double'에서 'float'(으)로 변환하면서 데이터가 손실될 수 있습니다.
E:\VS\VC\Tools\MSVC\14.29.30133\include\xmemory(681,68): warning C4244: '인수': '_Ty'에서 'float'(으)로 변환하면서 데이터가 손실될 수 있습니다.
          with
          [
              _Ty=int
          ]
E:\VS\VC\Tools\MSVC\14.29.30133\include\vector(708): message : 컴파일되는 함수 템플릿 인스턴스화 'void std::_Default_allocator_traits<_Alloc>::construct<_Ty,int,int,float,float,float>(_Alloc &,_Objty *const ,int &&,int &&,float &&,float &&,float &&)'에 대한 참조를 확인하세요.
          with
          [
              _Alloc=std::allocator<Vertex>,
              _Ty=Vertex,
              _Objty=Vertex
          ]
E:\VS\VC\Tools\MSVC\14.29.30133\include\vector(713): message : 컴파일되는 함수 템플릿 인스턴스화 'void std::_Default_allocator_traits<_Alloc>::construct<_Ty,int,int,float,float,float>(_Alloc &,_Objty *const ,int &&,int &&,float &&,float &&,float &&)'에 대한 참조를 확인하세요.
          with
          [
              _Alloc=std::allocator<Vertex>,
              _Ty=Vertex,
              _Objty=Vertex
          ]
E:\VS\VC\Tools\MSVC\14.29.30133\include\vector(726): message : 컴파일되는 함수 템플릿 인스턴스화 'void std::vector<Vertex,std::allocator<Vertex>>::_Emplace_back_with_unused_capacity<_Ty,_Ty,float,float,float>(_Ty &&,_Ty &&,float &&,float &&,float &&)'에 대한 참조를 확인하세요.
          with
          [
              _Ty=int
          ]
C:\Users\사토밀피유\Desktop\새 폴더\DX_HOME_EX\Object\Shape\SRTCircle.cpp(26): message : 컴파일되는 함수 템플릿 인스턴스화 'void std::vector<Vertex,std::allocator<Vertex>>::emplace_back<int,int,float,float,float>(int &&,int &&,float &&,float &&,float &&)'에 대한 참조를 확인하세요.
E:\VS\VC\Tools\MSVC\14.29.30133\include\xmemory(681,68): warning C4244: '인수': '_Ty'에서 'float'(으)로 변환하면서 데이터가 손실될 수 있습니다.
          with
          [
              _Ty=double
          ]
E:\VS\VC\Tools\MSVC\14.29.30133\include\vector(708): message : 컴파일되는 함수 템플릿 인스턴스화 'void std::_Default_allocator_traits<_Alloc>::construct<_Ty,double,double,double,double,float>(_Alloc &,_Objty *const ,double &&,double &&,double &&,double &&,float &&)'에 대한 참조를 확인하세요.
          with
          [
              _Alloc=std::allocator<Vertex>,
              _Ty=Vertex,
              _Objty=Vertex
          ]
E:\VS\VC\Tools\MSVC\14.29.30133\include\vector(713): message : 컴파일되는 함수 템플릿 인스턴스화 'void std::_Default_allocator_traits<_Alloc>::construct<_Ty,double,double,double,double,float>(_Alloc &,_Objty *const ,double &&,double &&,double &&,double &&,float &&)'에 대한 참조를 확인하세요.
          with
          [
              _Alloc=std::allocator<Vertex>,
              _Ty=Vertex,
              _Objty=Vertex
          ]
E:\VS\VC\Tools\MSVC\14.29.30133\include\vector(726): message : 컴파일되는 함수 템플릿 인스턴스화 'void std::vector<Vertex,std::allocator<Vertex>>::_Emplace_back_with_unused_capacity<_Ty,_Ty,_Ty,_Ty,float>(_Ty &&,_Ty &&,_Ty &&,_Ty &&,float &&)'에 대한 참조를 확인하세요.
          with
          [
              _Ty=double
          ]
C:\Users\사토밀피유\Desktop\새 폴더\DX_HOME_EX\Object\Shape\SRTCircle.cpp(32): message : 컴파일되는 함수 템플릿 인스턴스화 'void std::vector<Vertex,std::allocator<Vertex>>::emplace_back<double,double,double,double,float>(double &&,double &&,double &&,double &&,float &&)'에 대한 참조를 확인하세요.
  Triangle.cpp
E:\VS\VC\Tools\MSVC\14.29.30133\include\xmemory(681,68): warning C4244: '인수': '_Ty'에서 'float'(으)로 변환하면서 데이터가 손실될 수 있습니다.
          with
          [
              _Ty=double
          ]
E:\VS\VC\Tools\MSVC\14.29.30133\include\vector(708): message : 컴파일되는 함수 템플릿 인스턴스화 'void std::_Default_allocator_traits<_Alloc>::construct<_Ty,int,double,float,float,float>(_Alloc &,_Objty *const ,int &&,double &&,float &&,float &&,float &&)'에 대한 참조를 확인하세요.
          with
          [
              _Alloc=std::allocator<Vertex>,
              _Ty=Vertex,
              _Objty=Vertex
          ]
E:\VS\VC\Tools\MSVC\14.29.30133\include\vector(713): message : 컴파일되는 함수 템플릿 인스턴스화 'void std::_Default_allocator_traits<_Alloc>::construct<_Ty,int,double,float,float,float>(_Alloc &,_Objty *const ,int &&,double &&,float &&,float &&,float &&)'에 대한 참조를 확인하세요.
          with
          [
              _Alloc=std::allocator<Vertex>,
              _Ty=Vertex,
              _Objty=Vertex
          ]
E:\VS\VC\Tools\MSVC\14.29.30133\include\vector(726): message : 컴파일되는 함수 템플릿 인스턴스화 'void std::vector<Vertex,std::allocator<Vertex>>::_Emplace_back_with_unused_capacity<_Ty,double,float,float,float>(_Ty &&,double &&,float &&,float &&,float &&)'에 대한 참조를 확인하세요.
          with
          [
              _Ty=int
          ]
C:\Users\사토밀피유\Desktop\새 폴더\DX_HOME_EX\Object\Shape\Triangle.cpp(8): message : 컴파일되는 함수 템플릿 인스턴스화 'void std::vector<Vertex,std::allocator<Vertex>>::emplace_back<int,double,float,float,float>(int &&,double &&,float &&,float &&,float &&)'에 대한 참조를 확인하세요.
E:\VS\VC\Tools\MSVC\14.29.30133\include\xmemory(681,68): warning C4244: '인수': '_Ty'에서 'float'(으)로 변환하면서 데이터가 손실될 수 있습니다.
          with
          [
              _Ty=int
          ]
  MyObject.cpp
  Transform.cpp
C:\Users\사토밀피유\Desktop\새 폴더\DX_HOME_EX\Framework\Math\Transform.cpp(26,25): warning C4316: 'MatrixBuffer': 힙에 할당된 개체가 16에 맞추어져 있지 않을 수도 있습니다
  Program.cpp
  ObjectTrialScene.cpp
  SRTTutorialScene.cpp
C:\Users\사토밀피유\Desktop\새 폴더\DX_HOME_EX\Scenes\SRTTutorialScene.cpp(6,28): warning C4316: 'MatrixBuffer': 힙에 할당된 개체가 16에 맞추어져 있지 않을 수도 있습니다
C:\Users\사토밀피유\Desktop\새 폴더\DX_HOME_EX\Scenes\SRTTutorialScene.cpp(13,27): warning C4316: 'MatrixBuffer': 힙에 할당된 개체가 16에 맞추어져 있지 않을 수도 있습니다
C:\Users\사토밀피유\Desktop\새 폴더\DX_HOME_EX\Scenes\SRTTutorialScene.cpp(18,33): warning C4316: 'MatrixBuffer': 힙에 할당된 개체가 16에 맞추어져 있지 않을 수도 있습니다
C:\Users\사토밀피유\Desktop\새 폴더\DX_HOME_EX\Scenes\SRTTutorialScene.cpp(54,34): warning C4316: 'MatrixBuffer': 힙에 할당된 개체가 16에 맞추어져 있지 않을 수도 있습니다
C:\Users\사토밀피유\Desktop\새 폴더\DX_HOME_EX\Scenes\SRTTutorialScene.cpp(62,27): warning C4316: 'MyObject': 힙에 할당된 개체가 16에 맞추어져 있지 않을 수도 있습니다
C:\Users\사토밀피유\Desktop\새 폴더\DX_HOME_EX\Scenes\SRTTutorialScene.cpp(64,21): warning C4316: 'MyObject': 힙에 할당된 개체가 16에 맞추어져 있지 않을 수도 있습니다
  TutorialScene.cpp
  코드를 생성하고 있습니다...
  DX_Home_EX.vcxproj -> C:\Users\사토밀피유\Desktop\새 폴더\Debug\DX_Home_EX.exe
