d:\project\dx_study\directxtex\bin\desktop_2019\x64\debug\directxtex.pch
d:\project\dx_study\directxtex\bin\desktop_2019\x64\debug\directxtex.pdb
d:\project\dx_study\directxtex\bin\desktop_2019\x64\debug\directxtexutil.obj
d:\project\dx_study\directxtex\bin\desktop_2019\x64\debug\directxtexwic.obj
d:\project\dx_study\directxtex\bin\desktop_2019\x64\debug\directxtextga.obj
d:\project\dx_study\directxtex\bin\desktop_2019\x64\debug\directxtexresize.obj
d:\project\dx_study\directxtex\bin\desktop_2019\x64\debug\directxtexpmalpha.obj
d:\project\dx_study\directxtex\bin\desktop_2019\x64\debug\directxtexnormalmaps.obj
d:\project\dx_study\directxtex\bin\desktop_2019\x64\debug\directxtexmisc.obj
d:\project\dx_study\directxtex\bin\desktop_2019\x64\debug\directxtexmipmaps.obj
d:\project\dx_study\directxtex\bin\desktop_2019\x64\debug\directxteximage.obj
d:\project\dx_study\directxtex\bin\desktop_2019\x64\debug\directxtexhdr.obj
d:\project\dx_study\directxtex\bin\desktop_2019\x64\debug\directxtexfliprotate.obj
d:\project\dx_study\directxtex\bin\desktop_2019\x64\debug\directxtexdds.obj
d:\project\dx_study\directxtex\bin\desktop_2019\x64\debug\directxtexd3d11.obj
d:\project\dx_study\directxtex\bin\desktop_2019\x64\debug\directxtexconvert.obj
d:\project\dx_study\directxtex\bin\desktop_2019\x64\debug\directxtexcompressgpu.obj
d:\project\dx_study\directxtex\bin\desktop_2019\x64\debug\directxtexcompress.obj
d:\project\dx_study\directxtex\bin\desktop_2019\x64\debug\bcdirectcompute.obj
d:\project\dx_study\directxtex\bin\desktop_2019\x64\debug\bc6hbc7.obj
d:\project\dx_study\directxtex\bin\desktop_2019\x64\debug\bc4bc5.obj
d:\project\dx_study\directxtex\bin\desktop_2019\x64\debug\bc.obj
c:\users\사토밀피유\desktop\새 폴더 (2)\dx_study\directxtex\bin\desktop_2019\x64\debug\directxtex.pch
c:\users\사토밀피유\desktop\새 폴더 (2)\dx_study\directxtex\bin\desktop_2019\x64\debug\directxtex.pdb
c:\users\사토밀피유\desktop\새 폴더 (2)\dx_study\directxtex\bin\desktop_2019\x64\debug\directxtexutil.obj
d:\project\dx_study\directxtex\bin\desktop_2019\x64\debug\directxtex.lib
c:\users\사토밀피유\desktop\새 폴더 (2)\dx_study\directxtex\bin\desktop_2019\x64\debug\bc.obj
c:\users\사토밀피유\desktop\새 폴더 (2)\dx_study\directxtex\bin\desktop_2019\x64\debug\bc4bc5.obj
c:\users\사토밀피유\desktop\새 폴더 (2)\dx_study\directxtex\bin\desktop_2019\x64\debug\bc6hbc7.obj
c:\users\사토밀피유\desktop\새 폴더 (2)\dx_study\directxtex\bin\desktop_2019\x64\debug\bcdirectcompute.obj
c:\users\사토밀피유\desktop\새 폴더 (2)\dx_study\directxtex\bin\desktop_2019\x64\debug\directxtexcompress.obj
c:\users\사토밀피유\desktop\새 폴더 (2)\dx_study\directxtex\bin\desktop_2019\x64\debug\directxtexcompressgpu.obj
c:\users\사토밀피유\desktop\새 폴더 (2)\dx_study\directxtex\bin\desktop_2019\x64\debug\directxtexconvert.obj
c:\users\사토밀피유\desktop\새 폴더 (2)\dx_study\directxtex\bin\desktop_2019\x64\debug\directxtexd3d11.obj
c:\users\사토밀피유\desktop\새 폴더 (2)\dx_study\directxtex\bin\desktop_2019\x64\debug\directxtexdds.obj
c:\users\사토밀피유\desktop\새 폴더 (2)\dx_study\directxtex\bin\desktop_2019\x64\debug\directxtexfliprotate.obj
c:\users\사토밀피유\desktop\새 폴더 (2)\dx_study\directxtex\bin\desktop_2019\x64\debug\directxtexhdr.obj
c:\users\사토밀피유\desktop\새 폴더 (2)\dx_study\directxtex\bin\desktop_2019\x64\debug\directxteximage.obj
c:\users\사토밀피유\desktop\새 폴더 (2)\dx_study\directxtex\bin\desktop_2019\x64\debug\directxtexmipmaps.obj
c:\users\사토밀피유\desktop\새 폴더 (2)\dx_study\directxtex\bin\desktop_2019\x64\debug\directxtexmisc.obj
c:\users\사토밀피유\desktop\새 폴더 (2)\dx_study\directxtex\bin\desktop_2019\x64\debug\directxtexnormalmaps.obj
c:\users\사토밀피유\desktop\새 폴더 (2)\dx_study\directxtex\bin\desktop_2019\x64\debug\directxtexpmalpha.obj
c:\users\사토밀피유\desktop\새 폴더 (2)\dx_study\directxtex\bin\desktop_2019\x64\debug\directxtexresize.obj
c:\users\사토밀피유\desktop\새 폴더 (2)\dx_study\directxtex\bin\desktop_2019\x64\debug\directxtextga.obj
c:\users\사토밀피유\desktop\새 폴더 (2)\dx_study\directxtex\bin\desktop_2019\x64\debug\directxtex.tlog\cl.command.1.tlog
c:\users\사토밀피유\desktop\새 폴더 (2)\dx_study\directxtex\bin\desktop_2019\x64\debug\directxtex.tlog\cl.read.1.tlog
c:\users\사토밀피유\desktop\새 폴더 (2)\dx_study\directxtex\bin\desktop_2019\x64\debug\directxtex.tlog\cl.write.1.tlog
c:\users\사토밀피유\desktop\새 폴더 (2)\dx_study\directxtex\bin\desktop_2019\x64\debug\directxtex.tlog\lib-link.read.1.tlog
c:\users\사토밀피유\desktop\새 폴더 (2)\dx_study\directxtex\bin\desktop_2019\x64\debug\directxtex.tlog\lib-link.write.1.tlog
c:\users\사토밀피유\desktop\새 폴더 (2)\dx_study\directxtex\bin\desktop_2019\x64\debug\directxtex.tlog\lib.command.1.tlog
